2018-01-29 22:42:05.069 [vert.x-eventloop-thread-2] DEBUG io.netty.util.Recycler - -Dio.netty.recycler.maxCapacity: 262144
2018-01-29 22:42:05.071 [vert.x-eventloop-thread-2] DEBUG io.netty.util.Recycler - -Dio.netty.recycler.linkCapacity: 16
2018-01-29 22:42:05.087 [vert.x-eventloop-thread-2] DEBUG io.netty.buffer.AbstractByteBuf - -Dio.netty.buffer.bytebuf.checkAccessible: true
2018-01-29 22:42:05.145 [vert.x-eventloop-thread-2] DEBUG i.n.u.i.JavassistTypeParameterMatcherGenerator - Generated: io.netty.util.internal.__matchers__.io.netty.handler.codec.http.HttpRequestMatcher
2018-01-29 22:42:05.146 [vert.x-eventloop-thread-2] DEBUG i.n.u.i.JavassistTypeParameterMatcherGenerator - Generated: io.netty.util.internal.__matchers__.io.netty.handler.codec.http.HttpObjectMatcher
2018-01-29 22:42:05.208 [vert.x-worker-thread-0] DEBUG o.s.b.f.s.DefaultListableBeanFactory - Returning cached instance of singleton bean 'com.gtshgame.vertx.beans.Bean_Vertx_FirstCharge_FirstCharge'
2018-01-29 22:42:05.209 [vert.x-worker-thread-0] DEBUG o.s.b.f.s.DefaultListableBeanFactory - Returning cached instance of singleton bean 'FirstCharge_bean_FirstCharge'
2018-01-29 22:42:05.209 [vert.x-worker-thread-0] DEBUG o.s.b.f.s.DefaultListableBeanFactory - Returning cached instance of singleton bean 'org.springframework.transaction.interceptor.TransactionInterceptor#0'
2018-01-29 22:42:05.213 [vert.x-worker-thread-0] DEBUG o.s.b.f.s.DefaultListableBeanFactory - Returning cached instance of singleton bean 'springTransactionManager'
2018-01-29 22:42:05.216 [vert.x-worker-thread-0] DEBUG o.s.t.jta.JtaTransactionManager - Creating new transaction with name [com.gtshgame.service.impl.TestServiceImpl.update]: PROPAGATION_REQUIRED,ISOLATION_DEFAULT; ''
2018-01-29 22:42:05.235 [vert.x-worker-thread-0] DEBUG c.a.i.i.CompositeTransactionManagerImp - createCompositeTransaction ( 10000 ): created new ROOT transaction with id 192.168.10.128.tm151723692521700001
2018-01-29 22:42:05.240 [vert.x-worker-thread-0] DEBUG org.mybatis.spring.SqlSessionUtils - Creating a new SqlSession
2018-01-29 22:42:05.245 [vert.x-worker-thread-0] DEBUG org.mybatis.spring.SqlSessionUtils - Registering transaction synchronization for SqlSession [org.apache.ibatis.session.defaults.DefaultSqlSession@6b3b552e]
2018-01-29 22:42:05.318 [vert.x-worker-thread-0] DEBUG o.s.jdbc.datasource.DataSourceUtils - Fetching JDBC Connection from DataSource
2018-01-29 22:42:05.318 [vert.x-worker-thread-0] DEBUG c.a.jdbc.AbstractDataSourceBean - AtomikosDataSoureBean 'houtai': getConnection()...
2018-01-29 22:42:05.349 [vert.x-worker-thread-0] DEBUG c.a.jdbc.AtomikosConnectionProxy - atomikos connection proxy for com.mysql.jdbc.jdbc2.optional.JDBC4ConnectionWrapper@49a98031: calling toString...
2018-01-29 22:42:05.349 [vert.x-worker-thread-0] DEBUG c.a.jdbc.AtomikosConnectionProxy - atomikos connection proxy for com.mysql.jdbc.jdbc2.optional.JDBC4ConnectionWrapper@49a98031: calling toString...
2018-01-29 22:42:05.349 [vert.x-worker-thread-0] DEBUG o.s.jdbc.datasource.DataSourceUtils - Registering transaction synchronization for JDBC Connection
2018-01-29 22:42:05.351 [vert.x-worker-thread-0] DEBUG c.a.jdbc.AtomikosConnectionProxy - atomikos connection proxy for com.mysql.jdbc.jdbc2.optional.JDBC4ConnectionWrapper@49a98031: calling getAutoCommit...
2018-01-29 22:42:05.351 [vert.x-worker-thread-0] DEBUG c.a.jdbc.AtomikosConnectionProxy - atomikos connection proxy for com.mysql.jdbc.jdbc2.optional.JDBC4ConnectionWrapper@49a98031: calling toString...
2018-01-29 22:42:05.351 [vert.x-worker-thread-0] DEBUG o.m.s.t.SpringManagedTransaction - JDBC Connection [com.mysql.jdbc.jdbc2.optional.JDBC4ConnectionWrapper@49a98031] will be managed by Spring
2018-01-29 22:42:05.355 [vert.x-worker-thread-0] DEBUG atomikoscallLogDAO.insert - ==>  Preparing: INSERT INTO call_log ( call_log_id ,call_log_name ,call_s_time ,call_e_time ,call_result ,call_nbr ) VALUES ( ? ,? ,? ,? ,? ,? ) 
2018-01-29 22:42:05.358 [vert.x-worker-thread-0] DEBUG c.a.i.imp.CompositeTransactionImp - addParticipant ( XAResourceTransaction: 3139322E3136382E31302E3132382E746D313531373233363932353231373030303031:3139322E3136382E31302E3132382E746D31 ) for transaction 192.168.10.128.tm151723692521700001
2018-01-29 22:42:05.359 [vert.x-worker-thread-0] DEBUG c.a.d.xa.XAResourceTransaction - XAResource.start ( 3139322E3136382E31302E3132382E746D313531373233363932353231373030303031:3139322E3136382E31302E3132382E746D31 , XAResource.TMNOFLAGS ) on resource houtai represented by XAResource instance com.mysql.jdbc.jdbc2.optional.JDBC4MysqlXAConnection@25e2697b
2018-01-29 22:42:05.360 [vert.x-worker-thread-0] DEBUG c.a.i.imp.CompositeTransactionImp - registerSynchronization ( com.atomikos.jdbc.AtomikosConnectionProxy$JdbcRequeueSynchronization@3908950a ) for transaction 192.168.10.128.tm151723692521700001
2018-01-29 22:42:05.360 [vert.x-worker-thread-0] DEBUG c.a.jdbc.AtomikosConnectionProxy - atomikos connection proxy for com.mysql.jdbc.jdbc2.optional.JDBC4ConnectionWrapper@49a98031: calling prepareStatement(INSERT INTO call_log (
		 
		  call_log_id
			,call_log_name
			,call_s_time
			,call_e_time
			,call_result
			,call_nbr 
	 
    ) VALUES (
		 
		  ?
			,?
			,?
			,?
			,?
			,? 
	 
    ))...
2018-01-29 22:42:05.384 [vert.x-worker-thread-0] DEBUG atomikoscallLogDAO.insert - ==> Parameters: 6b1c4943f641498dbd4e105a76d71555(String), A(String), 2018-01-29 22:42:05.237(Timestamp), 2018-01-29 22:42:05.237(Timestamp), 测试(String), 007(String)
2018-01-29 22:42:05.385 [vert.x-worker-thread-0] DEBUG atomikoscallLogDAO.insert - <==    Updates: 1
2018-01-29 22:42:05.386 [vert.x-worker-thread-0] DEBUG org.mybatis.spring.SqlSessionUtils - Releasing transactional SqlSession [org.apache.ibatis.session.defaults.DefaultSqlSession@6b3b552e]
2018-01-29 22:42:05.386 [vert.x-worker-thread-0] DEBUG org.mybatis.spring.SqlSessionUtils - Creating a new SqlSession
2018-01-29 22:42:05.386 [vert.x-worker-thread-0] DEBUG org.mybatis.spring.SqlSessionUtils - Registering transaction synchronization for SqlSession [org.apache.ibatis.session.defaults.DefaultSqlSession@7a1c1f51]
2018-01-29 22:42:05.387 [vert.x-worker-thread-0] DEBUG o.s.jdbc.datasource.DataSourceUtils - Fetching JDBC Connection from DataSource
2018-01-29 22:42:05.387 [vert.x-worker-thread-0] DEBUG c.a.jdbc.AbstractDataSourceBean - AtomikosDataSoureBean 'activity': getConnection()...
2018-01-29 22:42:05.388 [vert.x-worker-thread-0] DEBUG c.a.jdbc.AtomikosConnectionProxy - atomikos connection proxy for com.mysql.jdbc.jdbc2.optional.JDBC4ConnectionWrapper@25578e05: calling toString...
2018-01-29 22:42:05.388 [vert.x-worker-thread-0] DEBUG c.a.jdbc.AtomikosConnectionProxy - atomikos connection proxy for com.mysql.jdbc.jdbc2.optional.JDBC4ConnectionWrapper@25578e05: calling toString...
2018-01-29 22:42:05.388 [vert.x-worker-thread-0] DEBUG o.s.jdbc.datasource.DataSourceUtils - Registering transaction synchronization for JDBC Connection
2018-01-29 22:42:05.388 [vert.x-worker-thread-0] DEBUG c.a.jdbc.AtomikosConnectionProxy - atomikos connection proxy for com.mysql.jdbc.jdbc2.optional.JDBC4ConnectionWrapper@25578e05: calling getAutoCommit...
2018-01-29 22:42:05.388 [vert.x-worker-thread-0] DEBUG c.a.jdbc.AtomikosConnectionProxy - atomikos connection proxy for com.mysql.jdbc.jdbc2.optional.JDBC4ConnectionWrapper@25578e05: calling toString...
2018-01-29 22:42:05.388 [vert.x-worker-thread-0] DEBUG o.m.s.t.SpringManagedTransaction - JDBC Connection [com.mysql.jdbc.jdbc2.optional.JDBC4ConnectionWrapper@25578e05] will be managed by Spring
2018-01-29 22:42:05.388 [vert.x-worker-thread-0] DEBUG atomikosvipMoneyDao.insert - ==>  Preparing: INSERT INTO vip_money ( level ,money ,day ) VALUES ( ? ,? ,? ) 
2018-01-29 22:42:05.388 [vert.x-worker-thread-0] DEBUG c.a.i.imp.CompositeTransactionImp - addParticipant ( XAResourceTransaction: 3139322E3136382E31302E3132382E746D313531373233363932353231373030303031:3139322E3136382E31302E3132382E746D32 ) for transaction 192.168.10.128.tm151723692521700001
2018-01-29 22:42:05.389 [vert.x-worker-thread-0] DEBUG c.a.d.xa.XAResourceTransaction - XAResource.start ( 3139322E3136382E31302E3132382E746D313531373233363932353231373030303031:3139322E3136382E31302E3132382E746D32 , XAResource.TMNOFLAGS ) on resource activity represented by XAResource instance com.mysql.jdbc.jdbc2.optional.JDBC4MysqlXAConnection@61ad1098
2018-01-29 22:42:05.389 [vert.x-worker-thread-0] DEBUG c.a.i.imp.CompositeTransactionImp - registerSynchronization ( com.atomikos.jdbc.AtomikosConnectionProxy$JdbcRequeueSynchronization@3908950a ) for transaction 192.168.10.128.tm151723692521700001
2018-01-29 22:42:05.389 [vert.x-worker-thread-0] DEBUG c.a.jdbc.AtomikosConnectionProxy - atomikos connection proxy for com.mysql.jdbc.jdbc2.optional.JDBC4ConnectionWrapper@25578e05: calling prepareStatement(INSERT INTO vip_money (
		 
		  level
			,money
			,day 
	 
    ) VALUES (
		 
		  ?
			,?
			,? 
	 
    ))...
2018-01-29 22:42:05.390 [vert.x-worker-thread-0] DEBUG atomikosvipMoneyDao.insert - ==> Parameters: 15(Integer), 55.0(Double), 13(Integer)
2018-01-29 22:42:05.391 [vert.x-worker-thread-0] DEBUG atomikosvipMoneyDao.insert - <==    Updates: 1
2018-01-29 22:42:05.392 [vert.x-worker-thread-0] DEBUG org.mybatis.spring.SqlSessionUtils - Releasing transactional SqlSession [org.apache.ibatis.session.defaults.DefaultSqlSession@7a1c1f51]
2018-01-29 22:42:05.392 [vert.x-worker-thread-0] DEBUG org.mybatis.spring.SqlSessionUtils - Fetched SqlSession [org.apache.ibatis.session.defaults.DefaultSqlSession@6b3b552e] from current transaction
2018-01-29 22:42:05.392 [vert.x-worker-thread-0] DEBUG a.insert - ==>  Preparing: INSERT INTO order_first_charge_log ( user_id ,order_no ) VALUES ( ? ,? ) 
2018-01-29 22:42:05.393 [vert.x-worker-thread-0] DEBUG c.a.i.imp.CompositeTransactionImp - registerSynchronization ( com.atomikos.jdbc.AtomikosConnectionProxy$JdbcRequeueSynchronization@3908950a ) for transaction 192.168.10.128.tm151723692521700001
2018-01-29 22:42:05.393 [vert.x-worker-thread-0] DEBUG c.a.jdbc.AtomikosConnectionProxy - atomikos connection proxy for com.mysql.jdbc.jdbc2.optional.JDBC4ConnectionWrapper@49a98031: calling prepareStatement(INSERT INTO order_first_charge_log (
		 
		  user_id
			,order_no 
	 
    ) VALUES (
		 
		  ?
			,? 
	 
    ))...
2018-01-29 22:42:05.393 [vert.x-worker-thread-0] DEBUG a.insert - ==> Parameters: 3(Integer), dfdsfs(String)
2018-01-29 22:42:05.394 [vert.x-worker-thread-0] DEBUG a.insert - <==    Updates: 1
2018-01-29 22:42:05.394 [vert.x-worker-thread-0] DEBUG org.mybatis.spring.SqlSessionUtils - Releasing transactional SqlSession [org.apache.ibatis.session.defaults.DefaultSqlSession@6b3b552e]
2018-01-29 22:42:05.395 [vert.x-worker-thread-0] DEBUG org.mybatis.spring.SqlSessionUtils - Transaction synchronization committing SqlSession [org.apache.ibatis.session.defaults.DefaultSqlSession@6b3b552e]
2018-01-29 22:42:05.395 [vert.x-worker-thread-0] DEBUG org.mybatis.spring.SqlSessionUtils - Transaction synchronization committing SqlSession [org.apache.ibatis.session.defaults.DefaultSqlSession@7a1c1f51]
2018-01-29 22:42:05.395 [vert.x-worker-thread-0] DEBUG org.mybatis.spring.SqlSessionUtils - Transaction synchronization deregistering SqlSession [org.apache.ibatis.session.defaults.DefaultSqlSession@6b3b552e]
2018-01-29 22:42:05.395 [vert.x-worker-thread-0] DEBUG org.mybatis.spring.SqlSessionUtils - Transaction synchronization closing SqlSession [org.apache.ibatis.session.defaults.DefaultSqlSession@6b3b552e]
2018-01-29 22:42:05.395 [vert.x-worker-thread-0] DEBUG org.mybatis.spring.SqlSessionUtils - Transaction synchronization deregistering SqlSession [org.apache.ibatis.session.defaults.DefaultSqlSession@7a1c1f51]
2018-01-29 22:42:05.395 [vert.x-worker-thread-0] DEBUG org.mybatis.spring.SqlSessionUtils - Transaction synchronization closing SqlSession [org.apache.ibatis.session.defaults.DefaultSqlSession@7a1c1f51]
2018-01-29 22:42:05.395 [vert.x-worker-thread-0] DEBUG o.s.jdbc.datasource.DataSourceUtils - Returning JDBC Connection to DataSource
2018-01-29 22:42:05.396 [vert.x-worker-thread-0] DEBUG c.a.jdbc.AtomikosConnectionProxy - atomikos connection proxy for com.mysql.jdbc.jdbc2.optional.JDBC4ConnectionWrapper@49a98031: close()...
2018-01-29 22:42:05.396 [vert.x-worker-thread-0] DEBUG c.a.d.xa.XAResourceTransaction - XAResource.end ( 3139322E3136382E31302E3132382E746D313531373233363932353231373030303031:3139322E3136382E31302E3132382E746D31 , XAResource.TMSUCCESS ) on resource houtai represented by XAResource instance com.mysql.jdbc.jdbc2.optional.JDBC4MysqlXAConnection@25e2697b
2018-01-29 22:42:05.397 [vert.x-worker-thread-0] DEBUG o.s.jdbc.datasource.DataSourceUtils - Returning JDBC Connection to DataSource
2018-01-29 22:42:05.397 [vert.x-worker-thread-0] DEBUG c.a.jdbc.AtomikosConnectionProxy - atomikos connection proxy for com.mysql.jdbc.jdbc2.optional.JDBC4ConnectionWrapper@25578e05: close()...
2018-01-29 22:42:05.397 [vert.x-worker-thread-0] DEBUG c.a.d.xa.XAResourceTransaction - XAResource.end ( 3139322E3136382E31302E3132382E746D313531373233363932353231373030303031:3139322E3136382E31302E3132382E746D32 , XAResource.TMSUCCESS ) on resource activity represented by XAResource instance com.mysql.jdbc.jdbc2.optional.JDBC4MysqlXAConnection@61ad1098
2018-01-29 22:42:05.398 [vert.x-worker-thread-0] DEBUG o.s.t.jta.JtaTransactionManager - Initiating transaction commit
2018-01-29 22:42:05.398 [vert.x-worker-thread-0] DEBUG c.a.i.imp.CompositeTransactionImp - commit() done (by application) of transaction 192.168.10.128.tm151723692521700001
2018-01-29 22:42:05.402 [vert.x-worker-thread-0] DEBUG c.a.d.xa.XAResourceTransaction - XAResource.prepare ( 3139322E3136382E31302E3132382E746D313531373233363932353231373030303031:3139322E3136382E31302E3132382E746D31 ) returning OK on resource houtai represented by XAResource instance com.mysql.jdbc.jdbc2.optional.JDBC4MysqlXAConnection@25e2697b
2018-01-29 22:42:05.406 [vert.x-worker-thread-0] DEBUG c.a.d.xa.XAResourceTransaction - XAResource.prepare ( 3139322E3136382E31302E3132382E746D313531373233363932353231373030303031:3139322E3136382E31302E3132382E746D32 ) returning OK on resource activity represented by XAResource instance com.mysql.jdbc.jdbc2.optional.JDBC4MysqlXAConnection@61ad1098
2018-01-29 22:42:05.410 [vert.x-worker-thread-0] DEBUG c.a.d.xa.XAResourceTransaction - XAResource.commit ( 3139322E3136382E31302E3132382E746D313531373233363932353231373030303031:3139322E3136382E31302E3132382E746D31 , false ) on resource houtai represented by XAResource instance com.mysql.jdbc.jdbc2.optional.JDBC4MysqlXAConnection@25e2697b
2018-01-29 22:42:05.414 [vert.x-worker-thread-0] DEBUG c.a.d.xa.XAResourceTransaction - XAResource.commit ( 3139322E3136382E31302E3132382E746D313531373233363932353231373030303031:3139322E3136382E31302E3132382E746D32 , false ) on resource activity represented by XAResource instance com.mysql.jdbc.jdbc2.optional.JDBC4MysqlXAConnection@61ad1098
2018-01-29 22:42:17.619 [vert.x-worker-thread-1] DEBUG o.s.b.f.s.DefaultListableBeanFactory - Returning cached instance of singleton bean 'com.gtshgame.vertx.beans.Bean_Vertx_FirstCharge_FirstCharge'
2018-01-29 22:42:17.619 [vert.x-worker-thread-1] DEBUG o.s.b.f.s.DefaultListableBeanFactory - Returning cached instance of singleton bean 'FirstCharge_bean_FirstCharge'
2018-01-29 22:42:17.619 [vert.x-worker-thread-1] DEBUG o.s.t.jta.JtaTransactionManager - Creating new transaction with name [com.gtshgame.service.impl.TestServiceImpl.update]: PROPAGATION_REQUIRED,ISOLATION_DEFAULT; ''
2018-01-29 22:42:17.620 [vert.x-worker-thread-1] DEBUG c.a.i.i.CompositeTransactionManagerImp - createCompositeTransaction ( 10000 ): created new ROOT transaction with id 192.168.10.128.tm151723693762000002
2018-01-29 22:42:17.620 [vert.x-worker-thread-1] DEBUG org.mybatis.spring.SqlSessionUtils - Creating a new SqlSession
2018-01-29 22:42:17.620 [vert.x-worker-thread-1] DEBUG org.mybatis.spring.SqlSessionUtils - Registering transaction synchronization for SqlSession [org.apache.ibatis.session.defaults.DefaultSqlSession@5b5e3d2a]
2018-01-29 22:42:17.622 [vert.x-worker-thread-1] DEBUG o.s.jdbc.datasource.DataSourceUtils - Fetching JDBC Connection from DataSource
2018-01-29 22:42:17.622 [vert.x-worker-thread-1] DEBUG c.a.jdbc.AbstractDataSourceBean - AtomikosDataSoureBean 'houtai': getConnection()...
2018-01-29 22:42:17.625 [vert.x-worker-thread-1] DEBUG c.a.jdbc.AtomikosConnectionProxy - atomikos connection proxy for com.mysql.jdbc.jdbc2.optional.JDBC4ConnectionWrapper@49a98031: calling toString...
2018-01-29 22:42:17.625 [vert.x-worker-thread-1] DEBUG c.a.jdbc.AtomikosConnectionProxy - atomikos connection proxy for com.mysql.jdbc.jdbc2.optional.JDBC4ConnectionWrapper@49a98031: calling toString...
2018-01-29 22:42:17.626 [vert.x-worker-thread-1] DEBUG o.s.jdbc.datasource.DataSourceUtils - Registering transaction synchronization for JDBC Connection
2018-01-29 22:42:17.626 [vert.x-worker-thread-1] DEBUG c.a.jdbc.AtomikosConnectionProxy - atomikos connection proxy for com.mysql.jdbc.jdbc2.optional.JDBC4ConnectionWrapper@49a98031: calling getAutoCommit...
2018-01-29 22:42:17.626 [vert.x-worker-thread-1] DEBUG c.a.jdbc.AtomikosConnectionProxy - atomikos connection proxy for com.mysql.jdbc.jdbc2.optional.JDBC4ConnectionWrapper@49a98031: calling toString...
2018-01-29 22:42:17.626 [vert.x-worker-thread-1] DEBUG o.m.s.t.SpringManagedTransaction - JDBC Connection [com.mysql.jdbc.jdbc2.optional.JDBC4ConnectionWrapper@49a98031] will be managed by Spring
2018-01-29 22:42:17.626 [vert.x-worker-thread-1] DEBUG atomikoscallLogDAO.insert - ==>  Preparing: INSERT INTO call_log ( call_log_id ,call_log_name ,call_s_time ,call_e_time ,call_result ,call_nbr ) VALUES ( ? ,? ,? ,? ,? ,? ) 
2018-01-29 22:42:17.626 [vert.x-worker-thread-1] DEBUG c.a.i.imp.CompositeTransactionImp - addParticipant ( XAResourceTransaction: 3139322E3136382E31302E3132382E746D313531373233363933373632303030303032:3139322E3136382E31302E3132382E746D33 ) for transaction 192.168.10.128.tm151723693762000002
2018-01-29 22:42:17.627 [vert.x-worker-thread-1] DEBUG c.a.d.xa.XAResourceTransaction - XAResource.start ( 3139322E3136382E31302E3132382E746D313531373233363933373632303030303032:3139322E3136382E31302E3132382E746D33 , XAResource.TMNOFLAGS ) on resource houtai represented by XAResource instance com.mysql.jdbc.jdbc2.optional.JDBC4MysqlXAConnection@25e2697b
2018-01-29 22:42:17.628 [vert.x-worker-thread-1] DEBUG c.a.i.imp.CompositeTransactionImp - registerSynchronization ( com.atomikos.jdbc.AtomikosConnectionProxy$JdbcRequeueSynchronization@1e53e690 ) for transaction 192.168.10.128.tm151723693762000002
2018-01-29 22:42:17.628 [vert.x-worker-thread-1] DEBUG c.a.jdbc.AtomikosConnectionProxy - atomikos connection proxy for com.mysql.jdbc.jdbc2.optional.JDBC4ConnectionWrapper@49a98031: calling prepareStatement(INSERT INTO call_log (
		 
		  call_log_id
			,call_log_name
			,call_s_time
			,call_e_time
			,call_result
			,call_nbr 
	 
    ) VALUES (
		 
		  ?
			,?
			,?
			,?
			,?
			,? 
	 
    ))...
2018-01-29 22:42:17.629 [vert.x-worker-thread-1] DEBUG atomikoscallLogDAO.insert - ==> Parameters: a5860b99b44a4d7da0c3ad3bdc0e6b0b(String), A(String), 2018-01-29 22:42:17.62(Timestamp), 2018-01-29 22:42:17.62(Timestamp), 测试(String), 007(String)
2018-01-29 22:42:17.630 [vert.x-worker-thread-1] DEBUG atomikoscallLogDAO.insert - <==    Updates: 1
2018-01-29 22:42:17.630 [vert.x-worker-thread-1] DEBUG org.mybatis.spring.SqlSessionUtils - Releasing transactional SqlSession [org.apache.ibatis.session.defaults.DefaultSqlSession@5b5e3d2a]
2018-01-29 22:42:17.631 [vert.x-worker-thread-1] DEBUG org.mybatis.spring.SqlSessionUtils - Creating a new SqlSession
2018-01-29 22:42:17.631 [vert.x-worker-thread-1] DEBUG org.mybatis.spring.SqlSessionUtils - Registering transaction synchronization for SqlSession [org.apache.ibatis.session.defaults.DefaultSqlSession@44668439]
2018-01-29 22:42:17.632 [vert.x-worker-thread-1] DEBUG o.s.jdbc.datasource.DataSourceUtils - Fetching JDBC Connection from DataSource
2018-01-29 22:42:17.632 [vert.x-worker-thread-1] DEBUG c.a.jdbc.AbstractDataSourceBean - AtomikosDataSoureBean 'activity': getConnection()...
2018-01-29 22:42:17.633 [vert.x-worker-thread-1] DEBUG c.a.jdbc.AtomikosConnectionProxy - atomikos connection proxy for com.mysql.jdbc.jdbc2.optional.JDBC4ConnectionWrapper@25578e05: calling toString...
2018-01-29 22:42:17.633 [vert.x-worker-thread-1] DEBUG c.a.jdbc.AtomikosConnectionProxy - atomikos connection proxy for com.mysql.jdbc.jdbc2.optional.JDBC4ConnectionWrapper@25578e05: calling toString...
2018-01-29 22:42:17.634 [vert.x-worker-thread-1] DEBUG o.s.jdbc.datasource.DataSourceUtils - Registering transaction synchronization for JDBC Connection
2018-01-29 22:42:17.634 [vert.x-worker-thread-1] DEBUG c.a.jdbc.AtomikosConnectionProxy - atomikos connection proxy for com.mysql.jdbc.jdbc2.optional.JDBC4ConnectionWrapper@25578e05: calling getAutoCommit...
2018-01-29 22:42:17.634 [vert.x-worker-thread-1] DEBUG c.a.jdbc.AtomikosConnectionProxy - atomikos connection proxy for com.mysql.jdbc.jdbc2.optional.JDBC4ConnectionWrapper@25578e05: calling toString...
2018-01-29 22:42:17.634 [vert.x-worker-thread-1] DEBUG o.m.s.t.SpringManagedTransaction - JDBC Connection [com.mysql.jdbc.jdbc2.optional.JDBC4ConnectionWrapper@25578e05] will be managed by Spring
2018-01-29 22:42:17.634 [vert.x-worker-thread-1] DEBUG atomikosvipMoneyDao.insert - ==>  Preparing: INSERT INTO vip_money ( level ,money ,day ) VALUES ( ? ,? ,? ) 
2018-01-29 22:42:17.634 [vert.x-worker-thread-1] DEBUG c.a.i.imp.CompositeTransactionImp - addParticipant ( XAResourceTransaction: 3139322E3136382E31302E3132382E746D313531373233363933373632303030303032:3139322E3136382E31302E3132382E746D34 ) for transaction 192.168.10.128.tm151723693762000002
2018-01-29 22:42:17.634 [vert.x-worker-thread-1] DEBUG c.a.d.xa.XAResourceTransaction - XAResource.start ( 3139322E3136382E31302E3132382E746D313531373233363933373632303030303032:3139322E3136382E31302E3132382E746D34 , XAResource.TMNOFLAGS ) on resource activity represented by XAResource instance com.mysql.jdbc.jdbc2.optional.JDBC4MysqlXAConnection@61ad1098
2018-01-29 22:42:17.635 [vert.x-worker-thread-1] DEBUG c.a.i.imp.CompositeTransactionImp - registerSynchronization ( com.atomikos.jdbc.AtomikosConnectionProxy$JdbcRequeueSynchronization@1e53e690 ) for transaction 192.168.10.128.tm151723693762000002
2018-01-29 22:42:17.635 [vert.x-worker-thread-1] DEBUG c.a.jdbc.AtomikosConnectionProxy - atomikos connection proxy for com.mysql.jdbc.jdbc2.optional.JDBC4ConnectionWrapper@25578e05: calling prepareStatement(INSERT INTO vip_money (
		 
		  level
			,money
			,day 
	 
    ) VALUES (
		 
		  ?
			,?
			,? 
	 
    ))...
2018-01-29 22:42:17.636 [vert.x-worker-thread-1] DEBUG atomikosvipMoneyDao.insert - ==> Parameters: 15(Integer), 55.0(Double), 13(Integer)
2018-01-29 22:42:17.637 [vert.x-worker-thread-1] DEBUG atomikosvipMoneyDao.insert - <==    Updates: 1
2018-01-29 22:42:17.637 [vert.x-worker-thread-1] DEBUG org.mybatis.spring.SqlSessionUtils - Releasing transactional SqlSession [org.apache.ibatis.session.defaults.DefaultSqlSession@44668439]
2018-01-29 22:42:17.637 [vert.x-worker-thread-1] DEBUG org.mybatis.spring.SqlSessionUtils - Fetched SqlSession [org.apache.ibatis.session.defaults.DefaultSqlSession@5b5e3d2a] from current transaction
2018-01-29 22:42:17.638 [vert.x-worker-thread-1] DEBUG a.insert - ==>  Preparing: INSERT INTO order_first_charge_log ( user_id ,order_no ) VALUES ( ? ,? ) 
2018-01-29 22:42:17.638 [vert.x-worker-thread-1] DEBUG c.a.i.imp.CompositeTransactionImp - registerSynchronization ( com.atomikos.jdbc.AtomikosConnectionProxy$JdbcRequeueSynchronization@1e53e690 ) for transaction 192.168.10.128.tm151723693762000002
2018-01-29 22:42:17.638 [vert.x-worker-thread-1] DEBUG c.a.jdbc.AtomikosConnectionProxy - atomikos connection proxy for com.mysql.jdbc.jdbc2.optional.JDBC4ConnectionWrapper@49a98031: calling prepareStatement(INSERT INTO order_first_charge_log (
		 
		  user_id
			,order_no 
	 
    ) VALUES (
		 
		  ?
			,? 
	 
    ))...
2018-01-29 22:42:17.639 [vert.x-worker-thread-1] DEBUG a.insert - ==> Parameters: 3(Integer), dfdsfs(String)
2018-01-29 22:42:17.648 [vert.x-worker-thread-1] DEBUG org.mybatis.spring.SqlSessionUtils - Releasing transactional SqlSession [org.apache.ibatis.session.defaults.DefaultSqlSession@5b5e3d2a]
2018-01-29 22:42:17.658 [vert.x-worker-thread-1] DEBUG o.s.core.env.StandardEnvironment - Adding [systemProperties] PropertySource with lowest search precedence
2018-01-29 22:42:17.658 [vert.x-worker-thread-1] DEBUG o.s.core.env.StandardEnvironment - Adding [systemEnvironment] PropertySource with lowest search precedence
2018-01-29 22:42:17.658 [vert.x-worker-thread-1] DEBUG o.s.core.env.StandardEnvironment - Initialized StandardEnvironment with PropertySources [systemProperties,systemEnvironment]
2018-01-29 22:42:17.660 [vert.x-worker-thread-1] DEBUG o.s.b.f.xml.DefaultDocumentLoader - Using JAXP provider [com.sun.org.apache.xerces.internal.jaxp.DocumentBuilderFactoryImpl]
2018-01-29 22:42:17.662 [vert.x-worker-thread-1] DEBUG o.s.b.factory.xml.BeansDtdResolver - Found beans DTD [http://www.springframework.org/dtd/spring-beans-2.0.dtd] in classpath: spring-beans-2.0.dtd
2018-01-29 22:42:17.666 [vert.x-worker-thread-1] DEBUG o.s.b.f.x.DefaultBeanDefinitionDocumentReader - Loading bean definitions
2018-01-29 22:42:17.670 [vert.x-worker-thread-1] DEBUG o.s.b.f.s.DefaultListableBeanFactory - Creating shared instance of singleton bean 'DB2'
2018-01-29 22:42:17.671 [vert.x-worker-thread-1] DEBUG o.s.b.f.s.DefaultListableBeanFactory - Creating instance of bean 'DB2'
2018-01-29 22:42:17.671 [vert.x-worker-thread-1] DEBUG o.s.b.f.s.DefaultListableBeanFactory - Eagerly caching bean 'DB2' to allow for resolving potential circular references
2018-01-29 22:42:17.675 [vert.x-worker-thread-1] DEBUG o.s.b.f.s.DefaultListableBeanFactory - Finished creating instance of bean 'DB2'
2018-01-29 22:42:17.675 [vert.x-worker-thread-1] DEBUG o.s.b.f.s.DefaultListableBeanFactory - Creating shared instance of singleton bean 'Derby'
2018-01-29 22:42:17.675 [vert.x-worker-thread-1] DEBUG o.s.b.f.s.DefaultListableBeanFactory - Creating instance of bean 'Derby'
2018-01-29 22:42:17.675 [vert.x-worker-thread-1] DEBUG o.s.b.f.s.DefaultListableBeanFactory - Eagerly caching bean 'Derby' to allow for resolving potential circular references
2018-01-29 22:42:17.676 [vert.x-worker-thread-1] DEBUG o.s.b.f.s.DefaultListableBeanFactory - Finished creating instance of bean 'Derby'
2018-01-29 22:42:17.676 [vert.x-worker-thread-1] DEBUG o.s.b.f.s.DefaultListableBeanFactory - Creating shared instance of singleton bean 'H2'
2018-01-29 22:42:17.676 [vert.x-worker-thread-1] DEBUG o.s.b.f.s.DefaultListableBeanFactory - Creating instance of bean 'H2'
2018-01-29 22:42:17.676 [vert.x-worker-thread-1] DEBUG o.s.b.f.s.DefaultListableBeanFactory - Eagerly caching bean 'H2' to allow for resolving potential circular references
2018-01-29 22:42:17.676 [vert.x-worker-thread-1] DEBUG o.s.b.f.s.DefaultListableBeanFactory - Finished creating instance of bean 'H2'
2018-01-29 22:42:17.676 [vert.x-worker-thread-1] DEBUG o.s.b.f.s.DefaultListableBeanFactory - Creating shared instance of singleton bean 'HSQL'
2018-01-29 22:42:17.676 [vert.x-worker-thread-1] DEBUG o.s.b.f.s.DefaultListableBeanFactory - Creating instance of bean 'HSQL'
2018-01-29 22:42:17.676 [vert.x-worker-thread-1] DEBUG o.s.b.f.s.DefaultListableBeanFactory - Eagerly caching bean 'HSQL' to allow for resolving potential circular references
2018-01-29 22:42:17.677 [vert.x-worker-thread-1] DEBUG o.s.b.f.s.DefaultListableBeanFactory - Finished creating instance of bean 'HSQL'
2018-01-29 22:42:17.677 [vert.x-worker-thread-1] DEBUG o.s.b.f.s.DefaultListableBeanFactory - Creating shared instance of singleton bean 'Informix'
2018-01-29 22:42:17.677 [vert.x-worker-thread-1] DEBUG o.s.b.f.s.DefaultListableBeanFactory - Creating instance of bean 'Informix'
2018-01-29 22:42:17.677 [vert.x-worker-thread-1] DEBUG o.s.b.f.s.DefaultListableBeanFactory - Eagerly caching bean 'Informix' to allow for resolving potential circular references
2018-01-29 22:42:17.677 [vert.x-worker-thread-1] DEBUG o.s.b.f.s.DefaultListableBeanFactory - Finished creating instance of bean 'Informix'
2018-01-29 22:42:17.677 [vert.x-worker-thread-1] DEBUG o.s.b.f.s.DefaultListableBeanFactory - Creating shared instance of singleton bean 'MS-SQL'
2018-01-29 22:42:17.677 [vert.x-worker-thread-1] DEBUG o.s.b.f.s.DefaultListableBeanFactory - Creating instance of bean 'MS-SQL'
2018-01-29 22:42:17.677 [vert.x-worker-thread-1] DEBUG o.s.b.f.s.DefaultListableBeanFactory - Eagerly caching bean 'MS-SQL' to allow for resolving potential circular references
2018-01-29 22:42:17.678 [vert.x-worker-thread-1] DEBUG o.s.b.f.s.DefaultListableBeanFactory - Finished creating instance of bean 'MS-SQL'
2018-01-29 22:42:17.678 [vert.x-worker-thread-1] DEBUG o.s.b.f.s.DefaultListableBeanFactory - Creating shared instance of singleton bean 'MySQL'
2018-01-29 22:42:17.678 [vert.x-worker-thread-1] DEBUG o.s.b.f.s.DefaultListableBeanFactory - Creating instance of bean 'MySQL'
2018-01-29 22:42:17.678 [vert.x-worker-thread-1] DEBUG o.s.b.f.s.DefaultListableBeanFactory - Eagerly caching bean 'MySQL' to allow for resolving potential circular references
2018-01-29 22:42:17.678 [vert.x-worker-thread-1] DEBUG o.s.b.f.s.DefaultListableBeanFactory - Finished creating instance of bean 'MySQL'
2018-01-29 22:42:17.678 [vert.x-worker-thread-1] DEBUG o.s.b.f.s.DefaultListableBeanFactory - Creating shared instance of singleton bean 'Oracle'
2018-01-29 22:42:17.678 [vert.x-worker-thread-1] DEBUG o.s.b.f.s.DefaultListableBeanFactory - Creating instance of bean 'Oracle'
2018-01-29 22:42:17.678 [vert.x-worker-thread-1] DEBUG o.s.b.f.s.DefaultListableBeanFactory - Eagerly caching bean 'Oracle' to allow for resolving potential circular references
2018-01-29 22:42:17.679 [vert.x-worker-thread-1] DEBUG o.s.b.f.s.DefaultListableBeanFactory - Finished creating instance of bean 'Oracle'
2018-01-29 22:42:17.679 [vert.x-worker-thread-1] DEBUG o.s.b.f.s.DefaultListableBeanFactory - Creating shared instance of singleton bean 'PostgreSQL'
2018-01-29 22:42:17.679 [vert.x-worker-thread-1] DEBUG o.s.b.f.s.DefaultListableBeanFactory - Creating instance of bean 'PostgreSQL'
2018-01-29 22:42:17.679 [vert.x-worker-thread-1] DEBUG o.s.b.f.s.DefaultListableBeanFactory - Eagerly caching bean 'PostgreSQL' to allow for resolving potential circular references
2018-01-29 22:42:17.680 [vert.x-worker-thread-1] DEBUG o.s.b.f.s.DefaultListableBeanFactory - Finished creating instance of bean 'PostgreSQL'
2018-01-29 22:42:17.680 [vert.x-worker-thread-1] DEBUG o.s.b.f.s.DefaultListableBeanFactory - Creating shared instance of singleton bean 'Sybase'
2018-01-29 22:42:17.680 [vert.x-worker-thread-1] DEBUG o.s.b.f.s.DefaultListableBeanFactory - Creating instance of bean 'Sybase'
2018-01-29 22:42:17.680 [vert.x-worker-thread-1] DEBUG o.s.b.f.s.DefaultListableBeanFactory - Eagerly caching bean 'Sybase' to allow for resolving potential circular references
2018-01-29 22:42:17.680 [vert.x-worker-thread-1] DEBUG o.s.b.f.s.DefaultListableBeanFactory - Finished creating instance of bean 'Sybase'
2018-01-29 22:42:17.680 [vert.x-worker-thread-1] DEBUG o.s.b.f.s.DefaultListableBeanFactory - Creating shared instance of singleton bean 'Hana'
2018-01-29 22:42:17.680 [vert.x-worker-thread-1] DEBUG o.s.b.f.s.DefaultListableBeanFactory - Creating instance of bean 'Hana'
2018-01-29 22:42:17.680 [vert.x-worker-thread-1] DEBUG o.s.b.f.s.DefaultListableBeanFactory - Eagerly caching bean 'Hana' to allow for resolving potential circular references
2018-01-29 22:42:17.681 [vert.x-worker-thread-1] DEBUG o.s.b.f.s.DefaultListableBeanFactory - Finished creating instance of bean 'Hana'
2018-01-29 22:42:17.681 [vert.x-worker-thread-1] DEBUG o.s.j.support.SQLErrorCodesFactory - Looking up default SQLErrorCodes for DataSource [AtomikosDataSoureBean 'houtai']
2018-01-29 22:42:17.683 [vert.x-worker-thread-1] DEBUG c.a.jdbc.AtomikosConnectionProxy - atomikos connection proxy for com.mysql.jdbc.jdbc2.optional.JDBC4ConnectionWrapper@49a98031: calling getMetaData...
2018-01-29 22:42:17.684 [vert.x-worker-thread-1] DEBUG o.s.j.support.SQLErrorCodesFactory - Database product name cached for DataSource [com.atomikos.jdbc.AtomikosDataSourceBean@22e357dc]: name is 'MySQL'
2018-01-29 22:42:17.684 [vert.x-worker-thread-1] DEBUG o.s.j.support.SQLErrorCodesFactory - SQL error codes for 'MySQL' found
2018-01-29 22:42:17.684 [vert.x-worker-thread-1] DEBUG o.s.j.s.SQLErrorCodeSQLExceptionTranslator - Translating SQLException with SQL state '23000', error code '1062', message [Duplicate entry '3' for key 'PRIMARY']; SQL was [] for task [
### Error updating database.  Cause: com.mysql.jdbc.exceptions.jdbc4.MySQLIntegrityConstraintViolationException: Duplicate entry '3' for key 'PRIMARY'
### The error may involve atomikosorderFirstChargeLogDao.insert-Inline
### The error occurred while setting parameters
### SQL: INSERT INTO order_first_charge_log (         user_id    ,order_no         ) VALUES (         ?    ,?         )
### Cause: com.mysql.jdbc.exceptions.jdbc4.MySQLIntegrityConstraintViolationException: Duplicate entry '3' for key 'PRIMARY'
]
2018-01-29 22:42:17.685 [vert.x-worker-thread-1] DEBUG org.mybatis.spring.SqlSessionUtils - Transaction synchronization deregistering SqlSession [org.apache.ibatis.session.defaults.DefaultSqlSession@5b5e3d2a]
2018-01-29 22:42:17.685 [vert.x-worker-thread-1] DEBUG org.mybatis.spring.SqlSessionUtils - Transaction synchronization closing SqlSession [org.apache.ibatis.session.defaults.DefaultSqlSession@5b5e3d2a]
2018-01-29 22:42:17.685 [vert.x-worker-thread-1] DEBUG org.mybatis.spring.SqlSessionUtils - Transaction synchronization deregistering SqlSession [org.apache.ibatis.session.defaults.DefaultSqlSession@44668439]
2018-01-29 22:42:17.685 [vert.x-worker-thread-1] DEBUG org.mybatis.spring.SqlSessionUtils - Transaction synchronization closing SqlSession [org.apache.ibatis.session.defaults.DefaultSqlSession@44668439]
2018-01-29 22:42:17.685 [vert.x-worker-thread-1] DEBUG o.s.jdbc.datasource.DataSourceUtils - Returning JDBC Connection to DataSource
2018-01-29 22:42:17.685 [vert.x-worker-thread-1] DEBUG c.a.jdbc.AtomikosConnectionProxy - atomikos connection proxy for com.mysql.jdbc.jdbc2.optional.JDBC4ConnectionWrapper@49a98031: close()...
2018-01-29 22:42:17.685 [vert.x-worker-thread-1] DEBUG c.a.d.xa.XAResourceTransaction - XAResource.end ( 3139322E3136382E31302E3132382E746D313531373233363933373632303030303032:3139322E3136382E31302E3132382E746D33 , XAResource.TMSUCCESS ) on resource houtai represented by XAResource instance com.mysql.jdbc.jdbc2.optional.JDBC4MysqlXAConnection@25e2697b
2018-01-29 22:42:17.686 [vert.x-worker-thread-1] DEBUG o.s.jdbc.datasource.DataSourceUtils - Returning JDBC Connection to DataSource
2018-01-29 22:42:17.686 [vert.x-worker-thread-1] DEBUG c.a.jdbc.AtomikosConnectionProxy - atomikos connection proxy for com.mysql.jdbc.jdbc2.optional.JDBC4ConnectionWrapper@25578e05: close()...
2018-01-29 22:42:17.686 [vert.x-worker-thread-1] DEBUG c.a.d.xa.XAResourceTransaction - XAResource.end ( 3139322E3136382E31302E3132382E746D313531373233363933373632303030303032:3139322E3136382E31302E3132382E746D34 , XAResource.TMSUCCESS ) on resource activity represented by XAResource instance com.mysql.jdbc.jdbc2.optional.JDBC4MysqlXAConnection@61ad1098
2018-01-29 22:42:17.687 [vert.x-worker-thread-1] DEBUG o.s.t.jta.JtaTransactionManager - Initiating transaction rollback
2018-01-29 22:42:17.687 [vert.x-worker-thread-1] DEBUG c.a.d.xa.XAResourceTransaction - XAResource.rollback ( 3139322E3136382E31302E3132382E746D313531373233363933373632303030303032:3139322E3136382E31302E3132382E746D33 ) on resource houtai represented by XAResource instance com.mysql.jdbc.jdbc2.optional.JDBC4MysqlXAConnection@25e2697b
2018-01-29 22:42:17.690 [vert.x-worker-thread-1] DEBUG c.a.d.xa.XAResourceTransaction - XAResource.rollback ( 3139322E3136382E31302E3132382E746D313531373233363933373632303030303032:3139322E3136382E31302E3132382E746D34 ) on resource activity represented by XAResource instance com.mysql.jdbc.jdbc2.optional.JDBC4MysqlXAConnection@61ad1098
2018-01-29 22:42:17.693 [vert.x-worker-thread-1] DEBUG c.a.i.imp.CompositeTransactionImp - rollback() done of transaction 192.168.10.128.tm151723693762000002
2018-01-29 22:42:17.693 [vert.x-worker-thread-1] DEBUG c.a.i.imp.CompositeTransactionImp - rollback() done of transaction 192.168.10.128.tm151723693762000002
