2017-12-29 19:42:02.823 [main] INFO  o.s.c.s.ClassPathXmlApplicationContext - Refreshing org.springframework.context.support.ClassPathXmlApplicationContext@1b1473ab: startup date [Fri Dec 29 19:42:02 CST 2017]; root of context hierarchy
2017-12-29 19:42:02.916 [main] INFO  o.s.b.f.xml.XmlBeanDefinitionReader - Loading XML bean definitions from class path resource [interfaces.xml]
2017-12-29 19:42:03.061 [main] INFO  o.s.b.f.xml.XmlBeanDefinitionReader - Loading XML bean definitions from class path resource [autobean.xml]
2017-12-29 19:42:03.076 [main] INFO  o.s.b.f.xml.XmlBeanDefinitionReader - Loading XML bean definitions from class path resource [bean_logic.xml]
2017-12-29 19:42:03.089 [main] INFO  o.s.b.f.xml.XmlBeanDefinitionReader - Loading XML bean definitions from class path resource [mybaitsMapper.xml]
2017-12-29 19:42:03.100 [main] INFO  o.s.b.f.xml.XmlBeanDefinitionReader - Loading XML bean definitions from class path resource [interfaces.xml]
2017-12-29 19:42:03.338 [main] INFO  o.s.b.f.c.PropertyPlaceholderConfigurer - Loading properties file from class path resource [sqlserver-jdbc-connection.properties]
2017-12-29 19:42:04.765 [main] INFO  o.s.b.f.c.PropertyPlaceholderConfigurer - Loading properties file from class path resource [sqlserver-jdbc-connection.properties]
2017-12-29 19:42:05.153 [main] INFO  com.gojava.com.gojava.App - /api/FirstCharge/FirstCharge
2017-12-29 19:42:05.153 [main] INFO  com.gojava.com.gojava.App - /api/json/FirstCharge/FirstCharge
2017-12-29 19:42:05.154 [main] INFO  com.gojava.com.gojava.App - /api/VipChargeInfo/VipChargeInfo
2017-12-29 19:42:05.154 [main] INFO  com.gojava.com.gojava.App - /api/json/VipChargeInfo/VipChargeInfo
2017-12-29 19:47:31.248 [main] INFO  o.s.c.s.ClassPathXmlApplicationContext - Refreshing org.springframework.context.support.ClassPathXmlApplicationContext@1b1473ab: startup date [Fri Dec 29 19:47:31 CST 2017]; root of context hierarchy
2017-12-29 19:47:31.337 [main] INFO  o.s.b.f.xml.XmlBeanDefinitionReader - Loading XML bean definitions from class path resource [interfaces.xml]
2017-12-29 19:47:31.475 [main] INFO  o.s.b.f.xml.XmlBeanDefinitionReader - Loading XML bean definitions from class path resource [autobean.xml]
2017-12-29 19:47:31.491 [main] INFO  o.s.b.f.xml.XmlBeanDefinitionReader - Loading XML bean definitions from class path resource [bean_logic.xml]
2017-12-29 19:47:31.505 [main] INFO  o.s.b.f.xml.XmlBeanDefinitionReader - Loading XML bean definitions from class path resource [mybaitsMapper.xml]
2017-12-29 19:47:31.516 [main] INFO  o.s.b.f.xml.XmlBeanDefinitionReader - Loading XML bean definitions from class path resource [interfaces.xml]
2017-12-29 19:47:31.740 [main] INFO  o.s.b.f.c.PropertyPlaceholderConfigurer - Loading properties file from class path resource [sqlserver-jdbc-connection.properties]
2017-12-29 19:47:33.228 [main] INFO  o.s.b.f.c.PropertyPlaceholderConfigurer - Loading properties file from class path resource [sqlserver-jdbc-connection.properties]
2017-12-29 19:47:33.637 [main] INFO  com.gojava.com.gojava.App - /api/FirstCharge/FirstCharge
2017-12-29 19:47:33.637 [main] INFO  com.gojava.com.gojava.App - /api/json/FirstCharge/FirstCharge
2017-12-29 19:47:33.638 [main] INFO  com.gojava.com.gojava.App - /api/VipChargeInfo/VipChargeInfo
2017-12-29 19:47:33.639 [main] INFO  com.gojava.com.gojava.App - /api/json/VipChargeInfo/VipChargeInfo
2017-12-29 19:47:52.779 [main] INFO  o.s.c.s.ClassPathXmlApplicationContext - Refreshing org.springframework.context.support.ClassPathXmlApplicationContext@1b1473ab: startup date [Fri Dec 29 19:47:52 CST 2017]; root of context hierarchy
2017-12-29 19:47:52.811 [main] INFO  o.s.b.f.xml.XmlBeanDefinitionReader - Loading XML bean definitions from class path resource [interfaces.xml]
2017-12-29 19:47:52.948 [main] INFO  o.s.b.f.xml.XmlBeanDefinitionReader - Loading XML bean definitions from class path resource [autobean.xml]
2017-12-29 19:47:52.961 [main] INFO  o.s.b.f.xml.XmlBeanDefinitionReader - Loading XML bean definitions from class path resource [bean_logic.xml]
2017-12-29 19:47:52.972 [main] INFO  o.s.b.f.xml.XmlBeanDefinitionReader - Loading XML bean definitions from class path resource [mybaitsMapper.xml]
2017-12-29 19:47:52.989 [main] INFO  o.s.b.f.xml.XmlBeanDefinitionReader - Loading XML bean definitions from class path resource [interfaces.xml]
2017-12-29 19:47:53.178 [main] INFO  o.s.b.f.c.PropertyPlaceholderConfigurer - Loading properties file from class path resource [sqlserver-jdbc-connection.properties]
2017-12-29 19:47:54.509 [main] INFO  o.s.b.f.c.PropertyPlaceholderConfigurer - Loading properties file from class path resource [sqlserver-jdbc-connection.properties]
2017-12-29 19:47:54.901 [main] INFO  com.gojava.com.gojava.App - /api/FirstCharge/FirstCharge
2017-12-29 19:47:54.901 [main] INFO  com.gojava.com.gojava.App - /api/json/FirstCharge/FirstCharge
2017-12-29 19:47:54.902 [main] INFO  com.gojava.com.gojava.App - /api/VipChargeInfo/VipChargeInfo
2017-12-29 19:47:54.902 [main] INFO  com.gojava.com.gojava.App - /api/json/VipChargeInfo/VipChargeInfo
2017-12-29 20:46:14.729 [main] INFO  o.s.c.s.ClassPathXmlApplicationContext - Refreshing org.springframework.context.support.ClassPathXmlApplicationContext@1b1473ab: startup date [Fri Dec 29 20:46:14 CST 2017]; root of context hierarchy
2017-12-29 20:46:14.780 [main] INFO  o.s.b.f.xml.XmlBeanDefinitionReader - Loading XML bean definitions from class path resource [interfaces.xml]
2017-12-29 20:46:14.936 [main] INFO  o.s.b.f.xml.XmlBeanDefinitionReader - Loading XML bean definitions from class path resource [autobean.xml]
2017-12-29 20:46:14.957 [main] INFO  o.s.b.f.xml.XmlBeanDefinitionReader - Loading XML bean definitions from class path resource [bean_logic.xml]
2017-12-29 20:46:14.970 [main] INFO  o.s.b.f.xml.XmlBeanDefinitionReader - Loading XML bean definitions from class path resource [mybaitsMapper.xml]
2017-12-29 20:46:14.982 [main] INFO  o.s.b.f.xml.XmlBeanDefinitionReader - Loading XML bean definitions from class path resource [interfaces.xml]
2017-12-29 20:46:15.224 [main] INFO  o.s.b.f.c.PropertyPlaceholderConfigurer - Loading properties file from class path resource [sqlserver-jdbc-connection.properties]
2017-12-29 20:46:16.659 [main] INFO  o.s.b.f.c.PropertyPlaceholderConfigurer - Loading properties file from class path resource [sqlserver-jdbc-connection.properties]
2017-12-29 20:46:17.078 [main] INFO  com.gojava.com.gojava.App - /api/FirstCharge/FirstCharge
2017-12-29 20:46:17.078 [main] INFO  com.gojava.com.gojava.App - /api/json/FirstCharge/FirstCharge
2017-12-29 20:46:17.079 [main] INFO  com.gojava.com.gojava.App - /api/VipChargeInfo/VipChargeInfo
2017-12-29 20:46:17.079 [main] INFO  com.gojava.com.gojava.App - /api/json/VipChargeInfo/VipChargeInfo
